<?xml version="1.0" encoding="UTF-8"?>
<!-- Generated by org.testng.reporters.JUnitReportReporter -->
<testsuite skipped="0" hostname="HP" name="com.practice.Data_provider" tests="5" failures="0" timestamp="13 Aug 2021 07:23:05 GMT" time="0.203" errors="0">
  <testcase name="datta" time="0.188" classname="com.practice.Data_provider"/>
  <testcase name="datta" time="0.000" classname="com.practice.Data_provider"/>
  <testcase name="datta" time="0.000" classname="com.practice.Data_provider"/>
  <testcase name="datta" time="0.015" classname="com.practice.Data_provider"/>
  <testcase name="datta" time="0.000" classname="com.practice.Data_provider"/>
</testsuite> <!-- com.practice.Data_provider -->
