<?xml version="1.0" encoding="UTF-8"?>
<!-- Generated by org.testng.reporters.JUnitReportReporter -->
<testsuite skipped="0" hostname="HP" name="com.practice.Dataprovider_MMT" tests="5" failures="0" timestamp="13 Aug 2021 07:23:30 GMT" time="0.032" errors="0">
  <testcase name="selcetcities" time="0.016" classname="com.practice.Dataprovider_MMT"/>
  <testcase name="selcetcities" time="0.000" classname="com.practice.Dataprovider_MMT"/>
  <testcase name="selcetcities" time="0.016" classname="com.practice.Dataprovider_MMT"/>
  <testcase name="selcetcities" time="0.000" classname="com.practice.Dataprovider_MMT"/>
  <testcase name="selcetcities" time="0.000" classname="com.practice.Dataprovider_MMT"/>
</testsuite> <!-- com.practice.Dataprovider_MMT -->
